<?xml version="1.0" encoding="UTF-8"?>
<testsuite xmlns:xsi="http://www.w3.org/2001/XMLSchema-instance" xsi:noNamespaceSchemaLocation="https://maven.apache.org/surefire/maven-surefire-plugin/xsd/surefire-test-report.xsd" name="SignInClassTest" time="6.297" tests="2" errors="0" skipped="0" failures="0">
  <properties>
[...]
</properties>
  <testcase name="loginWithoutPassTest" classname="SignInClassTest" time="3.266"/>
  <testcase name="setSignIn" classname="SignInClassTest" time="3.031"/>
</testsuite>